#
# There is insufficient memory for the Java Runtime Environment to continue.
# Native memory allocation (malloc) failed to allocate 1517488 bytes for Chunk::new
# Possible reasons:
#   The system is out of physical RAM or swap space
#   The process is running with CompressedOops enabled, and the Java Heap may be blocking the growth of the native heap
# Possible solutions:
#   Reduce memory load on the system
#   Increase physical memory or swap space
#   Check if swap backing store is full
#   Decrease Java heap size (-Xmx/-Xms)
#   Decrease number of Java threads
#   Decrease Java thread stack sizes (-Xss)
#   Set larger code cache with -XX:ReservedCodeCacheSize=
#   JVM is running with Unscaled Compressed Oops mode in which the Java heap is
#     placed in the first 4GB address space. The Java Heap base address is the
#     maximum limit for the native heap growth. Please use -XX:HeapBaseMinAddress
#     to set the Java Heap base and to place the Java Heap above 4GB virtual address.
# This output file may be truncated or incomplete.
#
#  Out of Memory Error (arena.cpp:189), pid=57812, tid=58232
#
# JRE version: OpenJDK Runtime Environment Temurin-17.0.2+8 (17.0.2+8) (build 17.0.2+8)
# Java VM: OpenJDK 64-Bit Server VM Temurin-17.0.2+8 (17.0.2+8, mixed mode, tiered, compressed oops, compressed class ptrs, g1 gc, windows-amd64)
# No core dump will be written. Minidumps are not enabled by default on client versions of Windows
#

---------------  S U M M A R Y ------------

Command Line: -ea -Dfile.encoding=Cp1252 -XX:+ShowCodeDetailsInExceptionMessages org.testng.remote.RemoteTestNG -serport 49767 -protocol json -d C:\Users\Nithin\eclipse-workspace\ComcastCRMGUIFramework\test-output C:\Users\Nithin\eclipse-workspace\ComcastCRMGUIFramework\suite_parallelExe.xml

Host: Intel(R) Core(TM) i5-1035G1 CPU @ 1.00GHz, 8 cores, 7G,  Windows 11 , 64 bit Build 22621 (10.0.22621.3672)
Time: Wed Jul 10 18:28:19 2024 India Standard Time elapsed time: 8.047184 seconds (0d 0h 0m 8s)

---------------  T H R E A D  ---------------

Current thread (0x000001af29851e50):  JavaThread "C2 CompilerThread0" daemon [_thread_in_native, id=58232, stack(0x0000002ba3a00000,0x0000002ba3b00000)]


Current CompileTask:
C2:   8047 2582       4       sun.reflect.annotation.AnnotationInvocationHandler::memberValueToString (375 bytes)

Stack: [0x0000002ba3a00000,0x0000002ba3b00000]
Native frames: (J=compiled Java code, j=interpreted, Vv=VM code, C=native code)
V  [jvm.dll+0x67564a]
V  [jvm.dll+0x82fc04]
V  [jvm.dll+0x8313ae]
V  [jvm.dll+0x831a13]
V  [jvm.dll+0x245235]
V  [jvm.dll+0xabd7b]
V  [jvm.dll+0xac30c]
V  [jvm.dll+0x3631f7]
V  [jvm.dll+0x32d891]
V  [jvm.dll+0x32cd3a]
V  [jvm.dll+0x2180d1]
V  [jvm.dll+0x2174f1]
V  [jvm.dll+0x1a3a8d]
V  [jvm.dll+0x226ef8]
V  [jvm.dll+0x22503c]
V  [jvm.dll+0x7e596b]
V  [jvm.dll+0x7dff2a]
V  [jvm.dll+0x6744d5]
C  [ucrtbase.dll+0x29333]
C  [KERNEL32.DLL+0x1257d]
C  [ntdll.dll+0x5af28]


---------------  P R O C E S S  ---------------

Threads class SMR info:
_java_thread_list=0x000001af2c1d5ab0, length=45, elements={
0x000001af0cf3e240, 0x000001af29812250, 0x000001af28f3f2f0, 0x000001af28f84680,
0x000001af29846010, 0x000001af298488e0, 0x000001af298491a0, 0x000001af29851e50,
0x000001af28f8cfe0, 0x000001af28f8d900, 0x000001af299b83c0, 0x000001af299ce2a0,
0x000001af2a1aecb0, 0x000001af2b55f980, 0x000001af29eea730, 0x000001af29eeb010,
0x000001af29a4a340, 0x000001af2bef51b0, 0x000001af29f3a4c0, 0x000001af29f387e0,
0x000001af29f3a990, 0x000001af29f38cb0, 0x000001af29f39180, 0x000001af29f37970,
0x000001af29f39ff0, 0x000001af29f39650, 0x000001af29f39b20, 0x000001af29f3ae60,
0x000001af29f3b330, 0x000001af29f37e40, 0x000001af29f38310, 0x000001af2cc84700,
0x000001af2cc833c0, 0x000001af2cc84230, 0x000001af2cc82550, 0x000001af2cc80870,
0x000001af2cc83d60, 0x000001af2cc85a40, 0x000001af2cc84bd0, 0x000001af2cc850a0,
0x000001af2cc81210, 0x000001af2cc7fed0, 0x000001af2cc82a20, 0x000001af2cc7f060,
0x000001af2cc81bb0
}

Java Threads: ( => current thread )
  0x000001af0cf3e240 JavaThread "main" [_thread_blocked, id=32756, stack(0x0000002ba2d00000,0x0000002ba2e00000)]
  0x000001af29812250 JavaThread "Reference Handler" daemon [_thread_blocked, id=59024, stack(0x0000002ba3400000,0x0000002ba3500000)]
  0x000001af28f3f2f0 JavaThread "Finalizer" daemon [_thread_blocked, id=63244, stack(0x0000002ba3500000,0x0000002ba3600000)]
  0x000001af28f84680 JavaThread "Signal Dispatcher" daemon [_thread_blocked, id=49140, stack(0x0000002ba3600000,0x0000002ba3700000)]
  0x000001af29846010 JavaThread "Attach Listener" daemon [_thread_blocked, id=59628, stack(0x0000002ba3700000,0x0000002ba3800000)]
  0x000001af298488e0 JavaThread "Service Thread" daemon [_thread_blocked, id=60528, stack(0x0000002ba3800000,0x0000002ba3900000)]
  0x000001af298491a0 JavaThread "Monitor Deflation Thread" daemon [_thread_blocked, id=49712, stack(0x0000002ba3900000,0x0000002ba3a00000)]
=>0x000001af29851e50 JavaThread "C2 CompilerThread0" daemon [_thread_in_native, id=58232, stack(0x0000002ba3a00000,0x0000002ba3b00000)]
  0x000001af28f8cfe0 JavaThread "C1 CompilerThread0" daemon [_thread_blocked, id=52052, stack(0x0000002ba3b00000,0x0000002ba3c00000)]
  0x000001af28f8d900 JavaThread "Sweeper thread" daemon [_thread_blocked, id=58004, stack(0x0000002ba3c00000,0x0000002ba3d00000)]
  0x000001af299b83c0 JavaThread "Notification Thread" daemon [_thread_blocked, id=62864, stack(0x0000002ba3d00000,0x0000002ba3e00000)]
  0x000001af299ce2a0 JavaThread "Common-Cleaner" daemon [_thread_blocked, id=56368, stack(0x0000002ba3f00000,0x0000002ba4000000)]
  0x000001af2a1aecb0 JavaThread "ReaderThread" [_thread_in_native, id=63288, stack(0x0000002ba4100000,0x0000002ba4200000)]
  0x000001af2b55f980 JavaThread "ForkJoinPool.commonPool-worker-1" daemon [_thread_blocked, id=4416, stack(0x0000002ba4200000,0x0000002ba4300000)]
  0x000001af29eea730 JavaThread "ForkJoinPool.commonPool-worker-2" daemon [_thread_blocked, id=57604, stack(0x0000002ba4300000,0x0000002ba4400000)]
  0x000001af29eeb010 JavaThread "ForkJoinPool.commonPool-worker-3" daemon [_thread_blocked, id=57324, stack(0x0000002ba4400000,0x0000002ba4500000)]
  0x000001af29a4a340 JavaThread "ForkJoinPool.commonPool-worker-4" daemon [_thread_blocked, id=60588, stack(0x0000002ba4b00000,0x0000002ba4c00000)]
  0x000001af2bef51b0 JavaThread "mysql-cj-abandoned-connection-cleanup" daemon [_thread_blocked, id=57480, stack(0x0000002ba4c00000,0x0000002ba4d00000)]
  0x000001af29f3a4c0 JavaThread "Forwarding get on session f281b48a067c49fbbeb1d52c3c1e73ab to remote" [_thread_blocked, id=51020, stack(0x0000002ba4d00000,0x0000002ba4e00000)]
  0x000001af29f387e0 JavaThread "Forwarding get on session 98b7db08b0d064b77e5b4519f0dc3bf9 to remote" [_thread_blocked, id=59904, stack(0x0000002ba4e00000,0x0000002ba4f00000)]
  0x000001af29f3a990 JavaThread "HttpClient-2-SelectorManager" daemon [_thread_in_native, id=39588, stack(0x0000002ba5200000,0x0000002ba5300000)]
  0x000001af29f38cb0 JavaThread "HttpClient-1-SelectorManager" daemon [_thread_in_native, id=58768, stack(0x0000002ba5300000,0x0000002ba5400000)]
  0x000001af29f39180 JavaThread "Thread-3" [_thread_in_native, id=58952, stack(0x0000002ba5400000,0x0000002ba5500000)]
  0x000001af29f37970 JavaThread "Driver Service Executor" daemon [_thread_blocked, id=63016, stack(0x0000002ba5500000,0x0000002ba5600000)]
  0x000001af29f39ff0 JavaThread "Driver Service Executor" daemon [_thread_in_native, id=56132, stack(0x0000002ba5600000,0x0000002ba5700000)]
  0x000001af29f39650 JavaThread "UrlChecker-2" daemon [_thread_blocked, id=62852, stack(0x0000002ba5700000,0x0000002ba5800000)]
  0x000001af29f39b20 JavaThread "Thread-6" [_thread_in_native, id=61228, stack(0x0000002ba5800000,0x0000002ba5900000)]
  0x000001af29f3ae60 JavaThread "Driver Service Executor" daemon [_thread_blocked, id=52660, stack(0x0000002ba5900000,0x0000002ba5a00000)]
  0x000001af29f3b330 JavaThread "Driver Service Executor" daemon [_thread_in_native, id=63040, stack(0x0000002ba5a00000,0x0000002ba5b00000)]
  0x000001af29f37e40 JavaThread "UrlChecker-3" daemon [_thread_blocked, id=62900, stack(0x0000002ba5b00000,0x0000002ba5c00000)]
  0x000001af29f38310 JavaThread "Keep-Alive-Timer" daemon [_thread_blocked, id=60552, stack(0x0000002ba5100000,0x0000002ba5200000)]
  0x000001af2cc84700 JavaThread "pool-1-thread-1" [_thread_blocked, id=62888, stack(0x0000002ba5c00000,0x0000002ba5d00000)]
  0x000001af2cc833c0 JavaThread "pool-2-thread-1" [_thread_blocked, id=39800, stack(0x0000002ba5d00000,0x0000002ba5e00000)]
  0x000001af2cc84230 JavaThread "pool-1-thread-2" [_thread_blocked, id=63236, stack(0x0000002ba5e00000,0x0000002ba5f00000)]
  0x000001af2cc82550 JavaThread "pool-2-thread-2" [_thread_blocked, id=57460, stack(0x0000002ba5f00000,0x0000002ba6000000)]
  0x000001af2cc80870 JavaThread "pool-2-thread-3" [_thread_blocked, id=24152, stack(0x0000002ba6000000,0x0000002ba6100000)]
  0x000001af2cc83d60 JavaThread "pool-1-thread-3" [_thread_blocked, id=63368, stack(0x0000002ba6100000,0x0000002ba6200000)]
  0x000001af2cc85a40 JavaThread "HttpClient-3-SelectorManager" daemon [_thread_in_native, id=51588, stack(0x0000002ba6200000,0x0000002ba6300000)]
  0x000001af2cc84bd0 JavaThread "pool-3-thread-1" [_thread_blocked, id=50408, stack(0x0000002ba6300000,0x0000002ba6400000)]
  0x000001af2cc850a0 JavaThread "HttpClient-4-SelectorManager" daemon [_thread_in_native, id=58316, stack(0x0000002ba6400000,0x0000002ba6500000)]
  0x000001af2cc81210 JavaThread "pool-4-thread-1" [_thread_blocked, id=63404, stack(0x0000002ba6500000,0x0000002ba6600000)]
  0x000001af2cc7fed0 JavaThread "pool-3-thread-2" [_thread_blocked, id=56176, stack(0x0000002ba6600000,0x0000002ba6700000)]
  0x000001af2cc82a20 JavaThread "pool-3-thread-3" [_thread_blocked, id=62984, stack(0x0000002ba6700000,0x0000002ba6800000)]
  0x000001af2cc7f060 JavaThread "pool-4-thread-2" [_thread_blocked, id=15672, stack(0x0000002ba6800000,0x0000002ba6900000)]
  0x000001af2cc81bb0 JavaThread "pool-4-thread-3" [_thread_blocked, id=61004, stack(0x0000002ba6900000,0x0000002ba6a00000)]

Other Threads:
  0x000001af28f3cb70 VMThread "VM Thread" [stack: 0x0000002ba3300000,0x0000002ba3400000] [id=58616]
  0x000001af0d1cd620 WatcherThread [stack: 0x0000002ba3e00000,0x0000002ba3f00000] [id=50304]
  0x000001af0d1b0e50 GCTaskThread "GC Thread#0" [stack: 0x0000002ba2e00000,0x0000002ba2f00000] [id=60332]
  0x000001af29eeb8f0 GCTaskThread "GC Thread#1" [stack: 0x0000002ba4500000,0x0000002ba4600000] [id=59292]
  0x000001af2b73b7d0 GCTaskThread "GC Thread#2" [stack: 0x0000002ba4600000,0x0000002ba4700000] [id=61364]
  0x000001af2b73ba80 GCTaskThread "GC Thread#3" [stack: 0x0000002ba4700000,0x0000002ba4800000] [id=59000]
  0x000001af2b54fcf0 GCTaskThread "GC Thread#4" [stack: 0x0000002ba4800000,0x0000002ba4900000] [id=61860]
  0x000001af2b683be0 GCTaskThread "GC Thread#5" [stack: 0x0000002ba4900000,0x0000002ba4a00000] [id=49160]
  0x000001af2b723150 GCTaskThread "GC Thread#6" [stack: 0x0000002ba4a00000,0x0000002ba4b00000] [id=61728]
  0x000001af2b705d80 GCTaskThread "GC Thread#7" [stack: 0x0000002ba4f00000,0x0000002ba5000000] [id=57164]
  0x000001af0d1c1c80 ConcurrentGCThread "G1 Main Marker" [stack: 0x0000002ba2f00000,0x0000002ba3000000] [id=59140]
  0x000001af0d1c34b0 ConcurrentGCThread "G1 Conc#0" [stack: 0x0000002ba3000000,0x0000002ba3100000] [id=62524]
  0x000001af2c068870 ConcurrentGCThread "G1 Conc#1" [stack: 0x0000002ba5000000,0x0000002ba5100000] [id=62928]
  0x000001af0d22ea40 ConcurrentGCThread "G1 Refine#0" [stack: 0x0000002ba3100000,0x0000002ba3200000] [id=61444]
  0x000001af28db14a0 ConcurrentGCThread "G1 Service" [stack: 0x0000002ba3200000,0x0000002ba3300000] [id=63408]

Threads with active compile tasks:
C2 CompilerThread0     8083 2582       4       sun.reflect.annotation.AnnotationInvocationHandler::memberValueToString (375 bytes)

VM state: not at safepoint (normal execution)

VM Mutex/Monitor currently owned by a thread: None

Heap address: 0x0000000083600000, size: 1994 MB, Compressed Oops mode: 32-bit

CDS archive(s) not mapped
Compressed class space mapped at: 0x0000000100000000-0x0000000140000000, reserved size: 1073741824
Narrow klass base: 0x0000000000000000, Narrow klass shift: 3, Narrow klass range: 0x140000000

GC Precious Log:
 CPUs: 8 total, 8 available
 Memory: 7973M
 Large Page Support: Disabled
 NUMA Support: Disabled
 Compressed Oops: Enabled (32-bit)
 Heap Region Size: 1M
 Heap Min Capacity: 8M
 Heap Initial Capacity: 126M
 Heap Max Capacity: 1994M
 Pre-touch: Disabled
 Parallel Workers: 8
 Concurrent Workers: 2
 Concurrent Refinement Workers: 8
 Periodic GC: Disabled

Heap:
 garbage-first heap   total 37888K, used 15452K [0x0000000083600000, 0x0000000100000000)
  region size 1024K, 6 young (6144K), 2 survivors (2048K)
 Metaspace       used 30584K, committed 30976K, reserved 1081344K
  class space    used 3539K, committed 3712K, reserved 1048576K

Heap Regions: E=young(eden), S=young(survivor), O=old, HS=humongous(starts), HC=humongous(continues), CS=collection set, F=free, OA=open archive, CA=closed archive, TAMS=top-at-mark-start (previous, next)
|   0|0x0000000083600000, 0x0000000083700000, 0x0000000083700000|100%|HS|  |TAMS 0x0000000083700000, 0x0000000083600000| Complete 
|   1|0x0000000083700000, 0x0000000083800000, 0x0000000083800000|100%| O|  |TAMS 0x0000000083800000, 0x0000000083700000| Untracked 
|   2|0x0000000083800000, 0x0000000083900000, 0x0000000083900000|100%| O|  |TAMS 0x0000000083900000, 0x0000000083800000| Untracked 
|   3|0x0000000083900000, 0x0000000083a00000, 0x0000000083a00000|100%| O|  |TAMS 0x0000000083930000, 0x0000000083900000| Untracked 
|   4|0x0000000083a00000, 0x0000000083b00000, 0x0000000083b00000|100%| O|  |TAMS 0x0000000083a00000, 0x0000000083a00000| Untracked 
|   5|0x0000000083b00000, 0x0000000083c00000, 0x0000000083c00000|100%| O|  |TAMS 0x0000000083b00000, 0x0000000083b00000| Untracked 
|   6|0x0000000083c00000, 0x0000000083c00000, 0x0000000083d00000|  0%| F|  |TAMS 0x0000000083c00000, 0x0000000083c00000| Untracked 
|   7|0x0000000083d00000, 0x0000000083e00000, 0x0000000083e00000|100%| O|  |TAMS 0x0000000083d00000, 0x0000000083d00000| Untracked 
|   8|0x0000000083e00000, 0x0000000083f00000, 0x0000000083f00000|100%| O|  |TAMS 0x0000000083e00000, 0x0000000083e00000| Untracked 
|   9|0x0000000083f00000, 0x0000000084000000, 0x0000000084000000|100%| O|  |TAMS 0x0000000083f00000, 0x0000000083f00000| Untracked 
|  10|0x0000000084000000, 0x0000000084100000, 0x0000000084100000|100%| O|  |TAMS 0x0000000084000000, 0x0000000084000000| Untracked 
|  11|0x0000000084100000, 0x0000000084200000, 0x0000000084200000|100%| O|  |TAMS 0x0000000084100000, 0x0000000084100000| Untracked 
|  12|0x0000000084200000, 0x0000000084200000, 0x0000000084300000|  0%| F|  |TAMS 0x0000000084200000, 0x0000000084200000| Untracked 
|  13|0x0000000084300000, 0x0000000084300000, 0x0000000084400000|  0%| F|  |TAMS 0x0000000084300000, 0x0000000084300000| Untracked 
|  14|0x0000000084400000, 0x0000000084400000, 0x0000000084500000|  0%| F|  |TAMS 0x0000000084400000, 0x0000000084400000| Untracked 
|  15|0x0000000084500000, 0x0000000084500000, 0x0000000084600000|  0%| F|  |TAMS 0x0000000084500000, 0x0000000084500000| Untracked 
|  16|0x0000000084600000, 0x0000000084600000, 0x0000000084700000|  0%| F|  |TAMS 0x0000000084600000, 0x0000000084600000| Untracked 
|  17|0x0000000084700000, 0x0000000084700000, 0x0000000084800000|  0%| F|  |TAMS 0x0000000084700000, 0x0000000084700000| Untracked 
|  18|0x0000000084800000, 0x0000000084800000, 0x0000000084900000|  0%| F|  |TAMS 0x0000000084800000, 0x0000000084800000| Untracked 
|  19|0x0000000084900000, 0x0000000084917250, 0x0000000084a00000|  9%| S|CS|TAMS 0x0000000084900000, 0x0000000084900000| Complete 
|  20|0x0000000084a00000, 0x0000000084b00000, 0x0000000084b00000|100%| S|CS|TAMS 0x0000000084a00000, 0x0000000084a00000| Complete 
|  21|0x0000000084b00000, 0x0000000084b00000, 0x0000000084c00000|  0%| F|  |TAMS 0x0000000084b00000, 0x0000000084b00000| Untracked 
|  22|0x0000000084c00000, 0x0000000084c00000, 0x0000000084d00000|  0%| F|  |TAMS 0x0000000084c00000, 0x0000000084c00000| Untracked 
|  23|0x0000000084d00000, 0x0000000084d00000, 0x0000000084e00000|  0%| F|  |TAMS 0x0000000084d00000, 0x0000000084d00000| Untracked 
|  24|0x0000000084e00000, 0x0000000084e00000, 0x0000000084f00000|  0%| F|  |TAMS 0x0000000084e00000, 0x0000000084e00000| Untracked 
|  25|0x0000000084f00000, 0x0000000084f00000, 0x0000000085000000|  0%| F|  |TAMS 0x0000000084f00000, 0x0000000084f00000| Untracked 
|  26|0x0000000085000000, 0x0000000085000000, 0x0000000085100000|  0%| F|  |TAMS 0x0000000085000000, 0x0000000085000000| Untracked 
|  27|0x0000000085100000, 0x0000000085100000, 0x0000000085200000|  0%| F|  |TAMS 0x0000000085100000, 0x0000000085100000| Untracked 
|  28|0x0000000085200000, 0x0000000085200000, 0x0000000085300000|  0%| F|  |TAMS 0x0000000085200000, 0x0000000085200000| Untracked 
|  29|0x0000000085300000, 0x0000000085300000, 0x0000000085400000|  0%| F|  |TAMS 0x0000000085300000, 0x0000000085300000| Untracked 
|  30|0x0000000085400000, 0x0000000085400000, 0x0000000085500000|  0%| F|  |TAMS 0x0000000085400000, 0x0000000085400000| Untracked 
|  31|0x0000000085500000, 0x0000000085500000, 0x0000000085600000|  0%| F|  |TAMS 0x0000000085500000, 0x0000000085500000| Untracked 
|  32|0x0000000085600000, 0x0000000085600000, 0x0000000085700000|  0%| F|  |TAMS 0x0000000085600000, 0x0000000085600000| Untracked 
|  96|0x0000000089600000, 0x00000000896844d0, 0x0000000089700000| 51%| E|  |TAMS 0x0000000089600000, 0x0000000089600000| Complete 
|  97|0x0000000089700000, 0x0000000089800000, 0x0000000089800000|100%| E|CS|TAMS 0x0000000089700000, 0x0000000089700000| Complete 
|  98|0x0000000089800000, 0x0000000089900000, 0x0000000089900000|100%| E|CS|TAMS 0x0000000089800000, 0x0000000089800000| Complete 
| 125|0x000000008b300000, 0x000000008b400000, 0x000000008b400000|100%| E|CS|TAMS 0x000000008b300000, 0x000000008b300000| Complete 

Card table byte_map: [0x000001af21e40000,0x000001af22230000] _byte_map_base: 0x000001af21a25000

Marking Bits (Prev, Next): (CMBitMap*) 0x000001af0d1b12b0, (CMBitMap*) 0x000001af0d1b1270
 Prev Bits: [0x000001af24550000, 0x000001af26478000)
 Next Bits: [0x000001af22620000, 0x000001af24548000)

Polling page: 0x000001af0d230000

Metaspace:

Usage:
  Non-class:     26.41 MB used.
      Class:      3.46 MB used.
       Both:     29.87 MB used.

Virtual space:
  Non-class space:       32.00 MB reserved,      26.62 MB ( 83%) committed,  4 nodes.
      Class space:        1.00 GB reserved,       3.62 MB ( <1%) committed,  1 nodes.
             Both:        1.03 GB reserved,      30.25 MB (  3%) committed. 

Chunk freelists:
   Non-Class:  480.00 KB
       Class:  367.00 KB
        Both:  847.00 KB

MaxMetaspaceSize: unlimited
CompressedClassSpaceSize: 1.00 GB
Initial GC threshold: 21.00 MB
Current GC threshold: 35.12 MB
CDS: off
MetaspaceReclaimPolicy: balanced
 - commit_granule_bytes: 65536.
 - commit_granule_words: 8192.
 - virtual_space_node_default_size: 1048576.
 - enlarge_chunks_in_place: 1.
 - new_chunks_are_fully_committed: 0.
 - uncommit_free_chunks: 1.
 - use_allocation_guard: 0.
 - handle_deallocations: 1.


Internal statistics:

num_allocs_failed_limit: 3.
num_arena_births: 444.
num_arena_deaths: 0.
num_vsnodes_births: 5.
num_vsnodes_deaths: 0.
num_space_committed: 484.
num_space_uncommitted: 0.
num_chunks_returned_to_freelist: 3.
num_chunks_taken_from_freelist: 1156.
num_chunk_merges: 3.
num_chunk_splits: 697.
num_chunks_enlarged: 406.
num_purges: 0.
num_inconsistent_stats: 0.

CodeHeap 'non-profiled nmethods': size=120000Kb used=1059Kb max_used=1059Kb free=118940Kb
 bounds [0x000001af19ac0000, 0x000001af19d30000, 0x000001af20ff0000]
CodeHeap 'profiled nmethods': size=120000Kb used=5075Kb max_used=5075Kb free=114924Kb
 bounds [0x000001af12590000, 0x000001af12a90000, 0x000001af19ac0000]
CodeHeap 'non-nmethods': size=5760Kb used=1279Kb max_used=1311Kb free=4480Kb
 bounds [0x000001af11ff0000, 0x000001af12260000, 0x000001af12590000]
 total_blobs=3212 nmethods=2631 adapters=493
 compilation: enabled
              stopped_count=0, restarted_count=0
 full_count=0

Compilation events (20 events):
Event: 7.746 Thread 0x000001af28f8cfe0 2627       3       jdk.internal.net.http.common.MinimalFuture::newIncompleteFuture (5 bytes)
Event: 7.747 Thread 0x000001af28f8cfe0 nmethod 2627 0x000001af12a81010 code [0x000001af12a811e0, 0x000001af12a81588]
Event: 7.747 Thread 0x000001af28f8cfe0 2628       3       jdk.internal.net.http.common.MinimalFuture::newIncompleteFuture (12 bytes)
Event: 7.747 Thread 0x000001af28f8cfe0 nmethod 2628 0x000001af12a81710 code [0x000001af12a818e0, 0x000001af12a81c08]
Event: 7.747 Thread 0x000001af28f8cfe0 2629       2       java.util.Arrays::copyOf (40 bytes)
Event: 7.747 Thread 0x000001af28f8cfe0 nmethod 2629 0x000001af12a81d90 code [0x000001af12a81f60, 0x000001af12a82328]
Event: 7.747 Thread 0x000001af28f8cfe0 2631       3       java.util.concurrent.CompletableFuture::tryPushStack (23 bytes)
Event: 7.749 Thread 0x000001af28f8cfe0 nmethod 2631 0x000001af12a82490 code [0x000001af12a82820, 0x000001af12a83f28]
Event: 7.749 Thread 0x000001af28f8cfe0 2630       3       java.util.Optional::isPresent (13 bytes)
Event: 7.749 Thread 0x000001af28f8cfe0 nmethod 2630 0x000001af12a84690 code [0x000001af12a84820, 0x000001af12a84998]
Event: 7.749 Thread 0x000001af28f8cfe0 2632       3       java.time.Instant::ofEpochSecond (31 bytes)
Event: 7.750 Thread 0x000001af28f8cfe0 nmethod 2632 0x000001af12a84a10 code [0x000001af12a84be0, 0x000001af12a84db8]
Event: 7.910 Thread 0x000001af29851e50 nmethod 2581 0x000001af19bc0b90 code [0x000001af19bc0f80, 0x000001af19bc59f0]
Event: 7.911 Thread 0x000001af29851e50 2594       4       java.util.AbstractCollection::<init> (5 bytes)
Event: 7.911 Thread 0x000001af29851e50 nmethod 2594 0x000001af19bc8590 code [0x000001af19bc8700, 0x000001af19bc8778]
Event: 7.911 Thread 0x000001af29851e50 2599       4       java.lang.Class::getName (18 bytes)
Event: 7.912 Thread 0x000001af29851e50 nmethod 2599 0x000001af19bc8890 code [0x000001af19bc8a20, 0x000001af19bc8ac8]
Event: 7.912 Thread 0x000001af29851e50 2583       4       java.lang.StringConcatHelper::checkOverflow (17 bytes)
Event: 7.913 Thread 0x000001af29851e50 nmethod 2583 0x000001af19bc8b90 code [0x000001af19bc8d00, 0x000001af19bc8d78]
Event: 7.913 Thread 0x000001af29851e50 2582       4       sun.reflect.annotation.AnnotationInvocationHandler::memberValueToString (375 bytes)

GC Heap History (10 events):
Event: 1.524 GC heap before
{Heap before GC invocations=0 (full 0):
 garbage-first heap   total 129024K, used 23552K [0x0000000083600000, 0x0000000100000000)
  region size 1024K, 23 young (23552K), 0 survivors (0K)
 Metaspace       used 14890K, committed 15168K, reserved 1064960K
  class space    used 1485K, committed 1600K, reserved 1048576K
}
Event: 1.532 GC heap after
{Heap after GC invocations=1 (full 0):
 garbage-first heap   total 129024K, used 6336K [0x0000000083600000, 0x0000000100000000)
  region size 1024K, 3 young (3072K), 3 survivors (3072K)
 Metaspace       used 14890K, committed 15168K, reserved 1064960K
  class space    used 1485K, committed 1600K, reserved 1048576K
}
Event: 3.681 GC heap before
{Heap before GC invocations=1 (full 0):
 garbage-first heap   total 129024K, used 29888K [0x0000000083600000, 0x0000000100000000)
  region size 1024K, 27 young (27648K), 3 survivors (3072K)
 Metaspace       used 21195K, committed 21504K, reserved 1073152K
  class space    used 2247K, committed 2432K, reserved 1048576K
}
Event: 3.689 GC heap after
{Heap after GC invocations=2 (full 0):
 garbage-first heap   total 129024K, used 8998K [0x0000000083600000, 0x0000000100000000)
  region size 1024K, 3 young (3072K), 3 survivors (3072K)
 Metaspace       used 21195K, committed 21504K, reserved 1073152K
  class space    used 2247K, committed 2432K, reserved 1048576K
}
Event: 4.423 GC heap before
{Heap before GC invocations=3 (full 0):
 garbage-first heap   total 37888K, used 26406K [0x0000000083600000, 0x0000000100000000)
  region size 1024K, 21 young (21504K), 3 survivors (3072K)
 Metaspace       used 26716K, committed 27072K, reserved 1073152K
  class space    used 2954K, committed 3136K, reserved 1048576K
}
Event: 4.429 GC heap after
{Heap after GC invocations=4 (full 0):
 garbage-first heap   total 37888K, used 11481K [0x0000000083600000, 0x0000000100000000)
  region size 1024K, 3 young (3072K), 3 survivors (3072K)
 Metaspace       used 26716K, committed 27072K, reserved 1073152K
  class space    used 2954K, committed 3136K, reserved 1048576K
}
Event: 4.453 GC heap before
{Heap before GC invocations=4 (full 0):
 garbage-first heap   total 37888K, used 12505K [0x0000000083600000, 0x0000000100000000)
  region size 1024K, 4 young (4096K), 3 survivors (3072K)
 Metaspace       used 26890K, committed 27200K, reserved 1073152K
  class space    used 2992K, committed 3136K, reserved 1048576K
}
Event: 4.457 GC heap after
{Heap after GC invocations=5 (full 0):
 garbage-first heap   total 37888K, used 11650K [0x0000000083600000, 0x0000000100000000)
  region size 1024K, 1 young (1024K), 1 survivors (1024K)
 Metaspace       used 26890K, committed 27200K, reserved 1073152K
  class space    used 2992K, committed 3136K, reserved 1048576K
}
Event: 7.612 GC heap before
{Heap before GC invocations=5 (full 0):
 garbage-first heap   total 37888K, used 27010K [0x0000000083600000, 0x0000000100000000)
  region size 1024K, 16 young (16384K), 1 survivors (1024K)
 Metaspace       used 29963K, committed 30336K, reserved 1081344K
  class space    used 3454K, committed 3648K, reserved 1048576K
}
Event: 7.615 GC heap after
{Heap after GC invocations=6 (full 0):
 garbage-first heap   total 37888K, used 12380K [0x0000000083600000, 0x0000000100000000)
  region size 1024K, 2 young (2048K), 2 survivors (2048K)
 Metaspace       used 29963K, committed 30336K, reserved 1081344K
  class space    used 3454K, committed 3648K, reserved 1048576K
}

Deoptimization events (20 events):
Event: 7.399 Thread 0x000001af29f3a4c0 Uncommon trap: trap_request=0xffffffde fr.pc=0x000001af19ba8040 relative=0x0000000000000120
Event: 7.399 Thread 0x000001af29f3a4c0 Uncommon trap: reason=class_check action=maybe_recompile pc=0x000001af19ba8040 method=org.openqa.selenium.json.Input.fill()Z @ 85 c2
Event: 7.399 Thread 0x000001af29f3a4c0 DEOPT PACKING pc=0x000001af19ba8040 sp=0x0000002ba4dfd7b0
Event: 7.399 Thread 0x000001af29f3a4c0 DEOPT UNPACKING pc=0x000001af12045c23 sp=0x0000002ba4dfd730 mode 2
Event: 7.524 Thread 0x000001af29f387e0 Uncommon trap: trap_request=0xffffffde fr.pc=0x000001af19ba8040 relative=0x0000000000000120
Event: 7.524 Thread 0x000001af29f3a4c0 Uncommon trap: trap_request=0xffffffde fr.pc=0x000001af19ba8040 relative=0x0000000000000120
Event: 7.524 Thread 0x000001af29f387e0 Uncommon trap: reason=class_check action=maybe_recompile pc=0x000001af19ba8040 method=org.openqa.selenium.json.Input.fill()Z @ 85 c2
Event: 7.524 Thread 0x000001af29f3a4c0 Uncommon trap: reason=class_check action=maybe_recompile pc=0x000001af19ba8040 method=org.openqa.selenium.json.Input.fill()Z @ 85 c2
Event: 7.524 Thread 0x000001af29f387e0 DEOPT PACKING pc=0x000001af19ba8040 sp=0x0000002ba4efd6d0
Event: 7.524 Thread 0x000001af29f3a4c0 DEOPT PACKING pc=0x000001af19ba8040 sp=0x0000002ba4dfdae0
Event: 7.524 Thread 0x000001af29f387e0 DEOPT UNPACKING pc=0x000001af12045c23 sp=0x0000002ba4efd650 mode 2
Event: 7.524 Thread 0x000001af29f3a4c0 DEOPT UNPACKING pc=0x000001af12045c23 sp=0x0000002ba4dfda60 mode 2
Event: 7.632 Thread 0x000001af29f387e0 Uncommon trap: trap_request=0xffffffcc fr.pc=0x000001af19bbf55c relative=0x000000000000033c
Event: 7.632 Thread 0x000001af29f387e0 Uncommon trap: reason=intrinsic_or_type_checked_inlining action=make_not_entrant pc=0x000001af19bbf55c method=java.util.Arrays.copyOf([Ljava/lang/Object;ILjava/lang/Class;)[Ljava/lang/Object; @ 35 c2
Event: 7.632 Thread 0x000001af29f387e0 DEOPT PACKING pc=0x000001af19bbf55c sp=0x0000002ba4efd7d0
Event: 7.632 Thread 0x000001af29f387e0 DEOPT UNPACKING pc=0x000001af12045c23 sp=0x0000002ba4efd778 mode 2
Event: 7.717 Thread 0x000001af29f3a4c0 Uncommon trap: trap_request=0xffffff45 fr.pc=0x000001af19b7b588 relative=0x0000000000004fc8
Event: 7.717 Thread 0x000001af29f3a4c0 Uncommon trap: reason=unstable_if action=reinterpret pc=0x000001af19b7b588 method=java.lang.invoke.MethodType.makeImpl(Ljava/lang/Class;[Ljava/lang/Class;Z)Ljava/lang/invoke/MethodType; @ 47 c2
Event: 7.717 Thread 0x000001af29f3a4c0 DEOPT PACKING pc=0x000001af19b7b588 sp=0x0000002ba4dfd380
Event: 7.717 Thread 0x000001af29f3a4c0 DEOPT UNPACKING pc=0x000001af12045c23 sp=0x0000002ba4dfd3c0 mode 2

Classes unloaded (0 events):
No events

Classes redefined (0 events):
No events

Internal exceptions (20 events):
Event: 4.278 Thread 0x000001af29f39650 Exception <a 'java/net/ConnectException'{0x00000000849f2b60}: Connection refused: no further information> (0x00000000849f2b60) 
thrown [e:\jenkins\tmp\workspace\build\src\src\hotspot\share\prims\jni.cpp, line 535]
Event: 4.278 Thread 0x000001af29f39650 Exception <a 'java/net/SocketException'{0x00000000849f2e98}: Socket is not connected: shutdown> (0x00000000849f2e98) 
thrown [e:\jenkins\tmp\workspace\build\src\src\hotspot\share\prims\jni.cpp, line 535]
Event: 4.278 Thread 0x000001af29f37e40 Exception <a 'java/net/SocketException'{0x0000000084813f48}: Socket is not connected: shutdown> (0x0000000084813f48) 
thrown [e:\jenkins\tmp\workspace\build\src\src\hotspot\share\prims\jni.cpp, line 535]
Event: 4.309 Thread 0x000001af29f39650 Exception <a 'java/net/ConnectException'{0x00000000849f3d40}: Connection refused: no further information> (0x00000000849f3d40) 
thrown [e:\jenkins\tmp\workspace\build\src\src\hotspot\share\prims\jni.cpp, line 535]
Event: 4.309 Thread 0x000001af29f39650 Exception <a 'java/net/SocketException'{0x00000000849f4078}: Socket is not connected: shutdown> (0x00000000849f4078) 
thrown [e:\jenkins\tmp\workspace\build\src\src\hotspot\share\prims\jni.cpp, line 535]
Event: 4.309 Thread 0x000001af29f37e40 Exception <a 'java/net/ConnectException'{0x0000000084814e70}: Connection refused: no further information> (0x0000000084814e70) 
thrown [e:\jenkins\tmp\workspace\build\src\src\hotspot\share\prims\jni.cpp, line 535]
Event: 4.309 Thread 0x000001af29f37e40 Exception <a 'java/net/SocketException'{0x00000000848151a8}: Socket is not connected: shutdown> (0x00000000848151a8) 
thrown [e:\jenkins\tmp\workspace\build\src\src\hotspot\share\prims\jni.cpp, line 535]
Event: 4.398 Thread 0x000001af29f3a4c0 Exception <a 'java/lang/NoSuchMethodError'{0x00000000847b9c60}: 'java.lang.Object java.lang.invoke.DirectMethodHandle$Holder.newInvokeSpecial(java.lang.Object, java.lang.Object, int, int)'> (0x00000000847b9c60) 
thrown [e:\jenkins\tmp\workspace\build\src\src\hotspot\share\interpreter\linkResolver.cpp, line 766]
Event: 4.398 Thread 0x000001af29f387e0 Exception <a 'java/lang/NoSuchMethodError'{0x0000000084776f48}: 'java.lang.Object java.lang.invoke.DirectMethodHandle$Holder.newInvokeSpecial(java.lang.Object, java.lang.Object, int, int)'> (0x0000000084776f48) 
thrown [e:\jenkins\tmp\workspace\build\src\src\hotspot\share\interpreter\linkResolver.cpp, line 766]
Event: 4.399 Thread 0x000001af29f387e0 Exception <a 'java/lang/NoSuchMethodError'{0x00000000847817c0}: 'void java.lang.invoke.DirectMethodHandle$Holder.invokeStatic(java.lang.Object, java.lang.Object, int)'> (0x00000000847817c0) 
thrown [e:\jenkins\tmp\workspace\build\src\src\hotspot\share\interpreter\linkResolver.cpp, line 766]
Event: 4.399 Thread 0x000001af29f3a4c0 Exception <a 'java/lang/NoSuchMethodError'{0x00000000847c3d70}: 'void java.lang.invoke.DirectMethodHandle$Holder.invokeStatic(java.lang.Object, java.lang.Object, int)'> (0x00000000847c3d70) 
thrown [e:\jenkins\tmp\workspace\build\src\src\hotspot\share\interpreter\linkResolver.cpp, line 766]
Event: 4.592 Thread 0x000001af2cc833c0 Exception <a 'java/lang/NoSuchMethodError'{0x0000000085593508}: 'java.lang.Object java.lang.invoke.DirectMethodHandle$Holder.invokeSpecial(java.lang.Object, java.lang.Object, java.lang.Object, java.lang.Object, int)'> (0x0000000085593508) 
thrown [e:\jenkins\tmp\workspace\build\src\src\hotspot\share\interpreter\linkResolver.cpp, line 766]
Event: 4.592 Thread 0x000001af2cc84700 Exception <a 'java/lang/NoSuchMethodError'{0x00000000855745f0}: 'java.lang.Object java.lang.invoke.DirectMethodHandle$Holder.invokeSpecial(java.lang.Object, java.lang.Object, java.lang.Object, java.lang.Object, int)'> (0x00000000855745f0) 
thrown [e:\jenkins\tmp\workspace\build\src\src\hotspot\share\interpreter\linkResolver.cpp, line 766]
Event: 4.592 Thread 0x000001af2cc833c0 Exception <a 'java/lang/NoSuchMethodError'{0x00000000855970d0}: 'java.lang.Object java.lang.invoke.Invokers$Holder.linkToTargetMethod(java.lang.Object, java.lang.Object, int, java.lang.Object)'> (0x00000000855970d0) 
thrown [e:\jenkins\tmp\workspace\build\src\src\hotspot\share\interpreter\linkResolver.cpp, line 766]
Event: 4.592 Thread 0x000001af2cc84700 Exception <a 'java/lang/NoSuchMethodError'{0x000000008559eba0}: 'java.lang.Object java.lang.invoke.Invokers$Holder.linkToTargetMethod(java.lang.Object, java.lang.Object, int, java.lang.Object)'> (0x000000008559eba0) 
thrown [e:\jenkins\tmp\workspace\build\src\src\hotspot\share\interpreter\linkResolver.cpp, line 766]
Event: 4.626 Thread 0x000001af2cc84700 Exception <a 'java/lang/NoSuchMethodError'{0x000000008531add8}: 'void java.lang.invoke.DirectMethodHandle$Holder.invokeSpecial(java.lang.Object, java.lang.Object, java.lang.Object, java.lang.Object, java.lang.Object)'> (0x000000008531add8) 
thrown [e:\jenkins\tmp\workspace\build\src\src\hotspot\share\interpreter\linkResolver.cpp, line 766]
Event: 4.627 Thread 0x000001af2cc833c0 Exception <a 'java/lang/NoSuchMethodError'{0x000000008530c1a0}: 'void java.lang.invoke.DirectMethodHandle$Holder.invokeSpecial(java.lang.Object, java.lang.Object, java.lang.Object, java.lang.Object, java.lang.Object)'> (0x000000008530c1a0) 
thrown [e:\jenkins\tmp\workspace\build\src\src\hotspot\share\interpreter\linkResolver.cpp, line 766]
Event: 7.193 Thread 0x000001af2cc82550 Exception <a 'java/lang/NoSuchMethodError'{0x0000000085116740}: 'java.lang.Object java.lang.invoke.DirectMethodHandle$Holder.newInvokeSpecial(java.lang.Object, java.lang.Object, long, java.lang.Object, java.lang.Object, java.lang.Object)'> (0x0000000085116740) 
thrown [e:\jenkins\tmp\workspace\build\src\src\hotspot\share\interpreter\linkResolver.cpp, line 766]
Event: 7.230 Thread 0x000001af2cc82550 Exception <a 'java/lang/NoSuchMethodError'{0x000000008513c1a0}: 'void java.lang.invoke.DirectMethodHandle$Holder.invokeSpecial(java.lang.Object, java.lang.Object, java.lang.Object, java.lang.Object, java.lang.Object, java.lang.Object, java.lang.Object)'> (0x000000008513c1a0) 
thrown [e:\jenkins\tmp\workspace\build\src\src\hotspot\share\interpreter\linkResolver.cpp, line 766]
Event: 7.407 Thread 0x000001af29f3a4c0 Exception <a 'java/lang/NoSuchMethodError'{0x0000000084f5ce58}: 'java.lang.Object java.lang.invoke.DirectMethodHandle$Holder.invokeSpecialIFC(java.lang.Object, java.lang.Object, java.lang.Object)'> (0x0000000084f5ce58) 
thrown [e:\jenkins\tmp\workspace\build\src\src\hotspot\share\interpreter\linkResolver.cpp, line 766]

VM Operations (20 events):
Event: 3.856 Executing VM operation: HandshakeAllThreads
Event: 3.856 Executing VM operation: HandshakeAllThreads done
Event: 3.960 Executing VM operation: HandshakeAllThreads
Event: 3.960 Executing VM operation: HandshakeAllThreads done
Event: 4.360 Executing VM operation: HandshakeAllThreads
Event: 4.360 Executing VM operation: HandshakeAllThreads done
Event: 4.361 Executing VM operation: HandshakeAllThreads
Event: 4.361 Executing VM operation: HandshakeAllThreads done
Event: 4.363 Executing VM operation: HandshakeAllThreads
Event: 4.363 Executing VM operation: HandshakeAllThreads done
Event: 4.423 Executing VM operation: G1CollectForAllocation
Event: 4.429 Executing VM operation: G1CollectForAllocation done
Event: 4.453 Executing VM operation: G1CollectForAllocation
Event: 4.457 Executing VM operation: G1CollectForAllocation done
Event: 5.457 Executing VM operation: Cleanup
Event: 5.457 Executing VM operation: Cleanup done
Event: 7.171 Executing VM operation: HandshakeAllThreads
Event: 7.171 Executing VM operation: HandshakeAllThreads done
Event: 7.612 Executing VM operation: G1CollectForAllocation
Event: 7.615 Executing VM operation: G1CollectForAllocation done

Events (20 events):
Event: 7.625 loading class sun/util/locale/provider/NumberFormatProviderImpl
Event: 7.625 loading class sun/util/locale/provider/NumberFormatProviderImpl done
Event: 7.625 loading class java/text/DecimalFormat
Event: 7.627 loading class java/text/DecimalFormat done
Event: 7.627 loading class java/text/DigitList
Event: 7.627 loading class java/text/DigitList done
Event: 7.627 loading class java/text/FieldPosition$Delegate
Event: 7.627 loading class java/text/Format$FieldDelegate
Event: 7.627 loading class java/text/Format$FieldDelegate done
Event: 7.627 loading class java/text/FieldPosition$Delegate done
Event: 7.627 loading class java/text/NumberFormat$Field
Event: 7.628 loading class java/text/NumberFormat$Field done
Event: 7.672 loading class java/util/concurrent/CountDownLatch
Event: 7.672 loading class java/util/concurrent/CountDownLatch done
Event: 7.672 loading class java/util/concurrent/CountDownLatch$Sync
Event: 7.672 loading class java/util/concurrent/CountDownLatch$Sync done
Event: 7.701 loading class java/lang/annotation/ElementType
Event: 7.701 loading class java/lang/annotation/ElementType done
Event: 7.710 loading class java/util/AbstractList$ListItr
Event: 7.710 loading class java/util/AbstractList$ListItr done


Dynamic libraries:
0x00007ff7f9af0000 - 0x00007ff7f9afe000 	C:\eclipse\plugins\org.eclipse.justj.openjdk.hotspot.jre.full.win32.x86_64_17.0.2.v20220201-1208\jre\bin\javaw.exe
0x00007ffea4050000 - 0x00007ffea4267000 	C:\WINDOWS\SYSTEM32\ntdll.dll
0x00007ffea3030000 - 0x00007ffea30f4000 	C:\WINDOWS\System32\KERNEL32.DLL
0x00007ffea13b0000 - 0x00007ffea175c000 	C:\WINDOWS\System32\KERNELBASE.dll
0x00007ffea1bb0000 - 0x00007ffea1cc1000 	C:\WINDOWS\System32\ucrtbase.dll
0x00007ffe99450000 - 0x00007ffe99469000 	C:\eclipse\plugins\org.eclipse.justj.openjdk.hotspot.jre.full.win32.x86_64_17.0.2.v20220201-1208\jre\bin\VCRUNTIME140.dll
0x00007ffe89600000 - 0x00007ffe89618000 	C:\eclipse\plugins\org.eclipse.justj.openjdk.hotspot.jre.full.win32.x86_64_17.0.2.v20220201-1208\jre\bin\jli.dll
0x00007ffea2200000 - 0x00007ffea23ae000 	C:\WINDOWS\System32\USER32.dll
0x00007ffe88220000 - 0x00007ffe884b3000 	C:\WINDOWS\WinSxS\amd64_microsoft.windows.common-controls_6595b64144ccf1df_6.0.22621.3672_none_2713b9d173822955\COMCTL32.dll
0x00007ffea1380000 - 0x00007ffea13a6000 	C:\WINDOWS\System32\win32u.dll
0x00007ffea2f30000 - 0x00007ffea2f59000 	C:\WINDOWS\System32\GDI32.dll
0x00007ffea2150000 - 0x00007ffea21f7000 	C:\WINDOWS\System32\msvcrt.dll
0x00007ffea18d0000 - 0x00007ffea19e9000 	C:\WINDOWS\System32\gdi32full.dll
0x00007ffea1a70000 - 0x00007ffea1b0a000 	C:\WINDOWS\System32\msvcp_win.dll
0x00007ffea3370000 - 0x00007ffea33a1000 	C:\WINDOWS\System32\IMM32.DLL
0x00007ffe9bd40000 - 0x00007ffe9bd4c000 	C:\eclipse\plugins\org.eclipse.justj.openjdk.hotspot.jre.full.win32.x86_64_17.0.2.v20220201-1208\jre\bin\vcruntime140_1.dll
0x00007ffe81b10000 - 0x00007ffe81ba1000 	C:\eclipse\plugins\org.eclipse.justj.openjdk.hotspot.jre.full.win32.x86_64_17.0.2.v20220201-1208\jre\bin\msvcp140.dll
0x00007ffe49ff0000 - 0x00007ffe4ac37000 	C:\eclipse\plugins\org.eclipse.justj.openjdk.hotspot.jre.full.win32.x86_64_17.0.2.v20220201-1208\jre\bin\server\jvm.dll
0x00007ffea2f70000 - 0x00007ffea3022000 	C:\WINDOWS\System32\ADVAPI32.dll
0x00007ffea2590000 - 0x00007ffea263a000 	C:\WINDOWS\System32\sechost.dll
0x00007ffea1b80000 - 0x00007ffea1ba8000 	C:\WINDOWS\System32\bcrypt.dll
0x00007ffea1e10000 - 0x00007ffea1f25000 	C:\WINDOWS\System32\RPCRT4.dll
0x00007ffea2f60000 - 0x00007ffea2f68000 	C:\WINDOWS\System32\PSAPI.DLL
0x00007ffe7fe60000 - 0x00007ffe7fe69000 	C:\WINDOWS\SYSTEM32\WSOCK32.dll
0x00007ffea1d90000 - 0x00007ffea1e01000 	C:\WINDOWS\System32\WS2_32.dll
0x00007ffe9bb90000 - 0x00007ffe9bbc4000 	C:\WINDOWS\SYSTEM32\WINMM.dll
0x00007ffe97180000 - 0x00007ffe9718a000 	C:\WINDOWS\SYSTEM32\VERSION.dll
0x00007ffea0350000 - 0x00007ffea0368000 	C:\WINDOWS\SYSTEM32\kernel.appcore.dll
0x00007ffe9ce30000 - 0x00007ffe9ce3a000 	C:\eclipse\plugins\org.eclipse.justj.openjdk.hotspot.jre.full.win32.x86_64_17.0.2.v20220201-1208\jre\bin\jimage.dll
0x00007ffe9ecd0000 - 0x00007ffe9ef02000 	C:\WINDOWS\SYSTEM32\DBGHELP.DLL
0x00007ffea3c80000 - 0x00007ffea4008000 	C:\WINDOWS\System32\combase.dll
0x00007ffea3280000 - 0x00007ffea3357000 	C:\WINDOWS\System32\OLEAUT32.dll
0x00007ffe816a0000 - 0x00007ffe816d2000 	C:\WINDOWS\SYSTEM32\dbgcore.DLL
0x00007ffea19f0000 - 0x00007ffea1a6b000 	C:\WINDOWS\System32\bcryptPrimitives.dll
0x00007ffe993e0000 - 0x00007ffe99405000 	C:\eclipse\plugins\org.eclipse.justj.openjdk.hotspot.jre.full.win32.x86_64_17.0.2.v20220201-1208\jre\bin\java.dll
0x00007ffe992a0000 - 0x00007ffe992b8000 	C:\eclipse\plugins\org.eclipse.justj.openjdk.hotspot.jre.full.win32.x86_64_17.0.2.v20220201-1208\jre\bin\zip.dll
0x00007ffea2640000 - 0x00007ffea2e9c000 	C:\WINDOWS\System32\SHELL32.dll
0x00007ffe9f2d0000 - 0x00007ffe9fbc7000 	C:\WINDOWS\SYSTEM32\windows.storage.dll
0x00007ffe9f190000 - 0x00007ffe9f2cf000 	C:\WINDOWS\SYSTEM32\wintypes.dll
0x00007ffea34c0000 - 0x00007ffea35b4000 	C:\WINDOWS\System32\SHCORE.dll
0x00007ffea2430000 - 0x00007ffea248e000 	C:\WINDOWS\System32\shlwapi.dll
0x00007ffea12b0000 - 0x00007ffea12d1000 	C:\WINDOWS\SYSTEM32\profapi.dll
0x00007ffe897f0000 - 0x00007ffe89809000 	C:\eclipse\plugins\org.eclipse.justj.openjdk.hotspot.jre.full.win32.x86_64_17.0.2.v20220201-1208\jre\bin\net.dll
0x00007ffe9c810000 - 0x00007ffe9c946000 	C:\WINDOWS\SYSTEM32\WINHTTP.dll
0x00007ffea0820000 - 0x00007ffea0889000 	C:\WINDOWS\system32\mswsock.dll
0x00007ffe89620000 - 0x00007ffe89635000 	C:\eclipse\plugins\org.eclipse.justj.openjdk.hotspot.jre.full.win32.x86_64_17.0.2.v20220201-1208\jre\bin\nio.dll
0x00007ffe99440000 - 0x00007ffe99450000 	C:\eclipse\plugins\org.eclipse.justj.openjdk.hotspot.jre.full.win32.x86_64_17.0.2.v20220201-1208\jre\bin\verify.dll
0x00007ffe9fea0000 - 0x00007ffe9ff98000 	C:\WINDOWS\SYSTEM32\DNSAPI.dll
0x00007ffe9fe70000 - 0x00007ffe9fe9d000 	C:\WINDOWS\SYSTEM32\IPHLPAPI.DLL
0x00007ffea3360000 - 0x00007ffea3369000 	C:\WINDOWS\System32\NSI.dll
0x00007ffe98ad0000 - 0x00007ffe98ada000 	C:\Windows\System32\rasadhlp.dll
0x00007ffe9b4a0000 - 0x00007ffe9b523000 	C:\WINDOWS\System32\fwpuclnt.dll
0x00007ffea0a80000 - 0x00007ffea0a9b000 	C:\WINDOWS\SYSTEM32\CRYPTSP.dll
0x00007ffea0310000 - 0x00007ffea0345000 	C:\WINDOWS\system32\rsaenh.dll
0x00007ffea0920000 - 0x00007ffea0948000 	C:\WINDOWS\SYSTEM32\USERENV.dll
0x00007ffea0aa0000 - 0x00007ffea0aac000 	C:\WINDOWS\SYSTEM32\CRYPTBASE.dll
0x00007ffe9c9b0000 - 0x00007ffe9c9c9000 	C:\WINDOWS\SYSTEM32\dhcpcsvc6.DLL
0x00007ffe9c4a0000 - 0x00007ffe9c4bf000 	C:\WINDOWS\SYSTEM32\dhcpcsvc.DLL
0x00007ffe99470000 - 0x00007ffe9947e000 	C:\eclipse\plugins\org.eclipse.justj.openjdk.hotspot.jre.full.win32.x86_64_17.0.2.v20220201-1208\jre\bin\sunmscapi.dll
0x00007ffea1760000 - 0x00007ffea18c7000 	C:\WINDOWS\System32\CRYPT32.dll
0x00007ffea0c40000 - 0x00007ffea0c6e000 	C:\WINDOWS\SYSTEM32\ncrypt.dll
0x00007ffea0c00000 - 0x00007ffea0c37000 	C:\WINDOWS\SYSTEM32\NTASN1.dll
0x00007ffe989d0000 - 0x00007ffe989d8000 	C:\WINDOWS\system32\wshunix.dll

dbghelp: loaded successfully - version: 4.0.5 - missing functions: none
symbol engine: initialized successfully - sym options: 0x614 - pdb path: .;C:\eclipse\plugins\org.eclipse.justj.openjdk.hotspot.jre.full.win32.x86_64_17.0.2.v20220201-1208\jre\bin;C:\WINDOWS\SYSTEM32;C:\WINDOWS\WinSxS\amd64_microsoft.windows.common-controls_6595b64144ccf1df_6.0.22621.3672_none_2713b9d173822955;C:\eclipse\plugins\org.eclipse.justj.openjdk.hotspot.jre.full.win32.x86_64_17.0.2.v20220201-1208\jre\bin\server

VM Arguments:
jvm_args: -ea -Dfile.encoding=Cp1252 -XX:+ShowCodeDetailsInExceptionMessages 
java_command: org.testng.remote.RemoteTestNG -serport 49767 -protocol json -d C:\Users\Nithin\eclipse-workspace\ComcastCRMGUIFramework\test-output C:\Users\Nithin\eclipse-workspace\ComcastCRMGUIFramework\suite_parallelExe.xml
java_class_path (initial): C:\eclipse\configuration\org.eclipse.osgi\433\0\.cp\lib\testng-remote.jar;C:\Users\Nithin\eclipse-workspace\ComcastCRMGUIFramework\target\test-classes;C:\Users\Nithin\eclipse-workspace\ComcastCRMGUIFramework\target\classes;C:\eclipse\plugins\org.testng_7.9.0.r202312310341.jar;C:\eclipse\plugins\com.beust.jcommander_1.82.0.jar;C:\eclipse\plugins\org.apache-extras.beanshell.bsh_2.0.0.b6.jar;C:\eclipse\plugins\org.yaml.snakeyaml_1.21.0.jar;C:\eclipse\plugins\org.webjars.jquery_3.7.1.jar;C:\Users\Nithin\.m2\repository\org\seleniumhq\selenium\selenium-java\4.15.0\selenium-java-4.15.0.jar;C:\Users\Nithin\.m2\repository\org\seleniumhq\selenium\selenium-api\4.15.0\selenium-api-4.15.0.jar;C:\Users\Nithin\.m2\repository\org\seleniumhq\selenium\selenium-chrome-driver\4.15.0\selenium-chrome-driver-4.15.0.jar;C:\Users\Nithin\.m2\repository\com\google\auto\service\auto-service-annotations\1.1.1\auto-service-annotations-1.1.1.jar;C:\Users\Nithin\.m2\repository\org\seleniumhq\selenium\selenium-chromium-driver\4.15.0\selenium-chromium-driver-4.15.0.jar;C:\Users\Nithin\.m2\repository\org\seleniumhq\selenium\selenium-json\4.15.0\selenium-json-4.15.0.jar;C:\Users\Nithin\.m2\repository\org\seleniumhq\selenium\selenium-manager\4.15.0\selenium-manager-4.15.0.jar;C:\Users\Nithin\.m2\repository\org\seleniumhq\selenium\selenium-devtools-v117\4.15.0\selenium-devtools-v117-4.15.0.jar;C:\Users\Nithin\.m2\repository\org\seleniumhq\selenium\selenium-devtools-v118\4.15.0\selenium-devtools-v118-4.15.0.jar;C:\Users\Nithin\.m2\repository\org\seleniumhq\selenium\selenium-devtools-v119\4.15.0\selenium-devtools-v119-4.15.0.jar;C:\Users\Nithin\.m2\repository\org\seleniumhq\selenium\selenium-devtools-v85\4.15.0\selenium-devtools-v85-4.15.0.jar;C:\Users\Nithin\.m2\repository\org\seleniumhq\selenium\selenium-edge-driver\4.15.0\selenium-edge-driver-4.15.0.jar;C:\Users\Nithin\.m2\repository\org\seleniumhq\selenium\selenium-firefox-driver\4.15.0\selenium-firefox-driver-4.15.0.jar;C
Launcher Type: SUN_STANDARD

[Global flags]
     intx CICompilerCount                          = 4                                         {product} {ergonomic}
     uint ConcGCThreads                            = 2                                         {product} {ergonomic}
     uint G1ConcRefinementThreads                  = 8                                         {product} {ergonomic}
   size_t G1HeapRegionSize                         = 1048576                                   {product} {ergonomic}
    uintx GCDrainStackTargetSize                   = 64                                        {product} {ergonomic}
   size_t InitialHeapSize                          = 132120576                                 {product} {ergonomic}
   size_t MarkStackSize                            = 4194304                                   {product} {ergonomic}
   size_t MaxHeapSize                              = 2090860544                                {product} {ergonomic}
   size_t MaxNewSize                               = 1254096896                                {product} {ergonomic}
   size_t MinHeapDeltaBytes                        = 1048576                                   {product} {ergonomic}
   size_t MinHeapSize                              = 8388608                                   {product} {ergonomic}
    uintx NonNMethodCodeHeapSize                   = 5839372                                {pd product} {ergonomic}
    uintx NonProfiledCodeHeapSize                  = 122909434                              {pd product} {ergonomic}
    uintx ProfiledCodeHeapSize                     = 122909434                              {pd product} {ergonomic}
    uintx ReservedCodeCacheSize                    = 251658240                              {pd product} {ergonomic}
     bool SegmentedCodeCache                       = true                                      {product} {ergonomic}
     bool ShowCodeDetailsInExceptionMessages       = true                                   {manageable} {command line}
   size_t SoftMaxHeapSize                          = 2090860544                             {manageable} {ergonomic}
     bool UseCompressedClassPointers               = true                           {product lp64_product} {ergonomic}
     bool UseCompressedOops                        = true                           {product lp64_product} {ergonomic}
     bool UseG1GC                                  = true                                      {product} {ergonomic}
     bool UseLargePagesIndividualAllocation        = false                                  {pd product} {ergonomic}

Logging:
Log output configuration:
 #0: stdout all=warning uptime,level,tags
 #1: stderr all=off uptime,level,tags

Environment Variables:
JAVA_HOME=C:\Program Files\Java\jdk-22\
PATH=C:/eclipse//plugins/org.eclipse.justj.openjdk.hotspot.jre.full.win32.x86_64_17.0.2.v20220201-1208/jre/bin/server;C:/eclipse//plugins/org.eclipse.justj.openjdk.hotspot.jre.full.win32.x86_64_17.0.2.v20220201-1208/jre/bin;C:\Program Files\Common Files\Oracle\Java\javapath;C:\WINDOWS\system32;C:\WINDOWS;C:\WINDOWS\System32\Wbem;C:\WINDOWS\System32\WindowsPowerShell\v1.0\;C:\WINDOWS\System32\OpenSSH\;C:\Program Files\Git\cmd;C:\Program Files\HP\HP One Agent;C:\Users\Nithin\OneDrive\Desktop\Selenium_tools\apache-maven-3.9.8\bin;C:\Program Files\Java\jdk1.8.0_91\bin;C:\Users\Nithin\Downloads\apache-maven-3.9.8-bin (1)\apache-maven-3.9.8\bin;C:\Users\Nithin\anaconda3;C:\Users\Nithin\anaconda3\Library\mingw-w64\bin;C:\Users\Nithin\anaconda3\Library\usr\bin;C:\Users\Nithin\anaconda3\Library\bin;C:\Users\Nithin\anaconda3\Scripts;C:\Users\Nithin\AppData\Local\Programs\Python\Python312\Scripts\;C:\Users\Nithin\AppData\Local\Programs\Python\Python312\;C:\Users\Nithin\AppData\Local\Microsoft\WindowsApps;C:\Users\Nithin\AppData\Local\Programs\Microsoft VS Code\bin;C:\Program Files\JetBrains\PyCharm 2024.1\bin;;C:\Users\Nithin\Downloads\apache-maven-3.9.8-bin (1)\apache-maven-3.9.8\bin;;C:\eclipse;
USERNAME=Nithin
OS=Windows_NT
PROCESSOR_IDENTIFIER=Intel64 Family 6 Model 126 Stepping 5, GenuineIntel



---------------  S Y S T E M  ---------------

OS:
 Windows 11 , 64 bit Build 22621 (10.0.22621.3672)
OS uptime: 9 days 9:02 hours

CPU: total 8 (initial active 8) (4 cores per cpu, 2 threads per core) family 6 model 126 stepping 5 microcode 0xa0, cx8, cmov, fxsr, ht, mmx, 3dnowpref, sse, sse2, sse3, ssse3, sse4.1, sse4.2, popcnt, lzcnt, tsc, tscinvbit, avx, avx2, aes, erms, clmul, bmi1, bmi2, adx, avx512f, avx512dq, avx512cd, avx512bw, avx512vl, sha, fma, vzeroupper, avx512_vpopcntdq, avx512_vpclmulqdq, avx512_vaes, avx512_vnni, clflush, clflushopt, avx512_vbmi2, avx512_vbmi

Memory: 4k page, system-wide physical 7973M (17M free)
TotalPageFile size 32549M (AvailPageFile size 12M)
current process WorkingSet (physical memory assigned to process): 132M, peak: 133M
current process commit charge ("private bytes"): 168M, peak: 242M

vm_info: OpenJDK 64-Bit Server VM (17.0.2+8) for windows-amd64 JRE (17.0.2+8), built on Jan 20 2022 04:52:34 by "" with MS VC++ 16.7 (VS2019)

END.
